foo1
1|1|0.000000
10|10|0.000000
100|100|0.000000
1000|1000|0.000003
10000|10000|0.000027
100000|100000|0.000262
1000000|1000000|0.002151
10000000|10000000|0.020197
100000000|100000000|0.190128
1000000000|1000000000|1.880085
foo2
1|1|0.000001
10|100|0.000000
100|10000|0.000019
1000|1000000|0.001831
10000|100000000|0.188972
100000|10000000000|19.014188
foo3
1|1|0.000000
10|1000|0.000013
100|1000000|0.002606
1000|1000000000|2.295347
foo4
1|0|0.000000
10|45|0.000000
100|4950|0.000010
1000|499500|0.000919
10000|49995000|0.097688
100000|4999950000|9.492452
foo5
1|0|0.000000
10|7524|0.000028
100|975002490|1.837424
foo6
1|0|0.000000
10|870|0.000005
100|12087075|0.026623
